1716645753.440444 client started (8950): version 3.2a, socket /tmp/tmux-1000/default, protocol 8
1716645753.440463 on Linux 5.15.0-107-generic #117-Ubuntu SMP Fri Apr 26 12:26:49 UTC 2024
1716645753.440467 using libevent 2.1.12-stable (poll); ncurses 6.3
1716645753.440481 flags are 0x18010000
1716645753.440483 socket is /tmp/tmux-1000/default
1716645753.440493 trying connect
1716645753.440506 connect failed: No such file or directory
1716645753.440514 lock file is /tmp/tmux-1000/default.lock
1716645753.440533 flock succeeded
1716645753.440536 got lock (6)
1716645753.440540 trying connect
1716645753.440545 connect failed: No such file or directory
1716645753.440773 add peer 0x557c0e0d1dc0: 7 ((nil))
1716645753.441362 sending message 100 to peer 0x557c0e0d1dc0 (4 bytes)
1716645753.441371 sending message 111 to peer 0x557c0e0d1dc0 (8 bytes)
1716645753.441374 sending message 101 to peer 0x557c0e0d1dc0 (6 bytes)
1716645753.441377 sending message 109 to peer 0x557c0e0d1dc0 (4 bytes)
1716645753.441379 sending message 102 to peer 0x557c0e0d1dc0 (11 bytes)
1716645753.441382 sending message 108 to peer 0x557c0e0d1dc0 (23 bytes)
1716645753.441385 sending message 112 to peer 0x557c0e0d1dc0 (58 bytes)
1716645753.441387 sending message 112 to peer 0x557c0e0d1dc0 (5 bytes)
1716645753.441390 sending message 112 to peer 0x557c0e0d1dc0 (5 bytes)
1716645753.441393 sending message 112 to peer 0x557c0e0d1dc0 (6 bytes)
1716645753.441395 sending message 112 to peer 0x557c0e0d1dc0 (6 bytes)
1716645753.441398 sending message 112 to peer 0x557c0e0d1dc0 (11 bytes)
1716645753.441401 sending message 112 to peer 0x557c0e0d1dc0 (10 bytes)
1716645753.441403 sending message 112 to peer 0x557c0e0d1dc0 (13 bytes)
1716645753.441406 sending message 112 to peer 0x557c0e0d1dc0 (14 bytes)
1716645753.441408 sending message 112 to peer 0x557c0e0d1dc0 (19 bytes)
1716645753.441411 sending message 112 to peer 0x557c0e0d1dc0 (9 bytes)
1716645753.441413 sending message 112 to peer 0x557c0e0d1dc0 (10 bytes)
1716645753.441416 sending message 112 to peer 0x557c0e0d1dc0 (15 bytes)
1716645753.441418 sending message 112 to peer 0x557c0e0d1dc0 (21 bytes)
1716645753.441421 sending message 112 to peer 0x557c0e0d1dc0 (13 bytes)
1716645753.441423 sending message 112 to peer 0x557c0e0d1dc0 (7 bytes)
1716645753.441426 sending message 112 to peer 0x557c0e0d1dc0 (13 bytes)
1716645753.441429 sending message 112 to peer 0x557c0e0d1dc0 (7 bytes)
1716645753.441432 sending message 112 to peer 0x557c0e0d1dc0 (13 bytes)
1716645753.441434 sending message 112 to peer 0x557c0e0d1dc0 (9 bytes)
1716645753.441437 sending message 112 to peer 0x557c0e0d1dc0 (21 bytes)
1716645753.441439 sending message 112 to peer 0x557c0e0d1dc0 (13 bytes)
1716645753.441442 sending message 112 to peer 0x557c0e0d1dc0 (9 bytes)
1716645753.441444 sending message 112 to peer 0x557c0e0d1dc0 (16 bytes)
1716645753.441447 sending message 112 to peer 0x557c0e0d1dc0 (13 bytes)
1716645753.441449 sending message 112 to peer 0x557c0e0d1dc0 (9 bytes)
1716645753.441452 sending message 112 to peer 0x557c0e0d1dc0 (9 bytes)
1716645753.441455 sending message 112 to peer 0x557c0e0d1dc0 (12 bytes)
1716645753.441457 sending message 112 to peer 0x557c0e0d1dc0 (8 bytes)
1716645753.441460 sending message 112 to peer 0x557c0e0d1dc0 (8 bytes)
1716645753.441462 sending message 112 to peer 0x557c0e0d1dc0 (13 bytes)
1716645753.441465 sending message 112 to peer 0x557c0e0d1dc0 (7 bytes)
1716645753.441467 sending message 112 to peer 0x557c0e0d1dc0 (7 bytes)
1716645753.441470 sending message 112 to peer 0x557c0e0d1dc0 (9 bytes)
1716645753.441472 sending message 112 to peer 0x557c0e0d1dc0 (9 bytes)
1716645753.441475 sending message 112 to peer 0x557c0e0d1dc0 (15 bytes)
1716645753.441477 sending message 112 to peer 0x557c0e0d1dc0 (13 bytes)
1716645753.441480 sending message 112 to peer 0x557c0e0d1dc0 (12 bytes)
1716645753.441482 sending message 112 to peer 0x557c0e0d1dc0 (8 bytes)
1716645753.441485 sending message 112 to peer 0x557c0e0d1dc0 (14 bytes)
1716645753.441488 sending message 112 to peer 0x557c0e0d1dc0 (11 bytes)
1716645753.441491 sending message 112 to peer 0x557c0e0d1dc0 (9 bytes)
1716645753.441499 sending message 112 to peer 0x557c0e0d1dc0 (10 bytes)
1716645753.441501 sending message 112 to peer 0x557c0e0d1dc0 (10 bytes)
1716645753.441504 sending message 112 to peer 0x557c0e0d1dc0 (10 bytes)
1716645753.441507 sending message 112 to peer 0x557c0e0d1dc0 (10 bytes)
1716645753.441509 sending message 112 to peer 0x557c0e0d1dc0 (11 bytes)
1716645753.441512 sending message 112 to peer 0x557c0e0d1dc0 (12 bytes)
1716645753.441514 sending message 112 to peer 0x557c0e0d1dc0 (12 bytes)
1716645753.441517 sending message 112 to peer 0x557c0e0d1dc0 (12 bytes)
1716645753.441519 sending message 112 to peer 0x557c0e0d1dc0 (12 bytes)
1716645753.441522 sending message 112 to peer 0x557c0e0d1dc0 (12 bytes)
1716645753.441524 sending message 112 to peer 0x557c0e0d1dc0 (11 bytes)
1716645753.441527 sending message 112 to peer 0x557c0e0d1dc0 (11 bytes)
1716645753.441529 sending message 112 to peer 0x557c0e0d1dc0 (12 bytes)
1716645753.441532 sending message 112 to peer 0x557c0e0d1dc0 (12 bytes)
1716645753.441534 sending message 112 to peer 0x557c0e0d1dc0 (12 bytes)
1716645753.441537 sending message 112 to peer 0x557c0e0d1dc0 (12 bytes)
1716645753.441539 sending message 112 to peer 0x557c0e0d1dc0 (12 bytes)
1716645753.441542 sending message 112 to peer 0x557c0e0d1dc0 (9 bytes)
1716645753.441544 sending message 112 to peer 0x557c0e0d1dc0 (12 bytes)
1716645753.441547 sending message 112 to peer 0x557c0e0d1dc0 (13 bytes)
1716645753.441549 sending message 112 to peer 0x557c0e0d1dc0 (13 bytes)
1716645753.441552 sending message 112 to peer 0x557c0e0d1dc0 (13 bytes)
1716645753.441554 sending message 112 to peer 0x557c0e0d1dc0 (13 bytes)
1716645753.441557 sending message 112 to peer 0x557c0e0d1dc0 (13 bytes)
1716645753.441559 sending message 112 to peer 0x557c0e0d1dc0 (8 bytes)
1716645753.441562 sending message 112 to peer 0x557c0e0d1dc0 (11 bytes)
1716645753.441565 sending message 112 to peer 0x557c0e0d1dc0 (11 bytes)
1716645753.441567 sending message 112 to peer 0x557c0e0d1dc0 (11 bytes)
1716645753.441570 sending message 112 to peer 0x557c0e0d1dc0 (12 bytes)
1716645753.441572 sending message 112 to peer 0x557c0e0d1dc0 (12 bytes)
1716645753.441575 sending message 112 to peer 0x557c0e0d1dc0 (12 bytes)
1716645753.441577 sending message 112 to peer 0x557c0e0d1dc0 (12 bytes)
1716645753.441580 sending message 112 to peer 0x557c0e0d1dc0 (13 bytes)
1716645753.441582 sending message 112 to peer 0x557c0e0d1dc0 (13 bytes)
1716645753.441585 sending message 112 to peer 0x557c0e0d1dc0 (13 bytes)
1716645753.441587 sending message 112 to peer 0x557c0e0d1dc0 (8 bytes)
1716645753.441590 sending message 112 to peer 0x557c0e0d1dc0 (13 bytes)
1716645753.441593 sending message 112 to peer 0x557c0e0d1dc0 (13 bytes)
1716645753.441595 sending message 112 to peer 0x557c0e0d1dc0 (13 bytes)
1716645753.441598 sending message 112 to peer 0x557c0e0d1dc0 (13 bytes)
1716645753.441600 sending message 112 to peer 0x557c0e0d1dc0 (13 bytes)
1716645753.441603 sending message 112 to peer 0x557c0e0d1dc0 (12 bytes)
1716645753.441605 sending message 112 to peer 0x557c0e0d1dc0 (12 bytes)
1716645753.441608 sending message 112 to peer 0x557c0e0d1dc0 (12 bytes)
1716645753.441610 sending message 112 to peer 0x557c0e0d1dc0 (12 bytes)
1716645753.441613 sending message 112 to peer 0x557c0e0d1dc0 (13 bytes)
1716645753.441616 sending message 112 to peer 0x557c0e0d1dc0 (8 bytes)
1716645753.441618 sending message 112 to peer 0x557c0e0d1dc0 (13 bytes)
1716645753.441621 sending message 112 to peer 0x557c0e0d1dc0 (13 bytes)
1716645753.441623 sending message 112 to peer 0x557c0e0d1dc0 (13 bytes)
1716645753.441626 sending message 112 to peer 0x557c0e0d1dc0 (13 bytes)
1716645753.441628 sending message 112 to peer 0x557c0e0d1dc0 (13 bytes)
1716645753.441631 sending message 112 to peer 0x557c0e0d1dc0 (13 bytes)
1716645753.441633 sending message 112 to peer 0x557c0e0d1dc0 (13 bytes)
1716645753.441636 sending message 112 to peer 0x557c0e0d1dc0 (12 bytes)
1716645753.441639 sending message 112 to peer 0x557c0e0d1dc0 (12 bytes)
1716645753.441641 sending message 112 to peer 0x557c0e0d1dc0 (12 bytes)
1716645753.441646 sending message 112 to peer 0x557c0e0d1dc0 (8 bytes)
1716645753.441649 sending message 112 to peer 0x557c0e0d1dc0 (12 bytes)
1716645753.441652 sending message 112 to peer 0x557c0e0d1dc0 (13 bytes)
1716645753.441654 sending message 112 to peer 0x557c0e0d1dc0 (13 bytes)
1716645753.441657 sending message 112 to peer 0x557c0e0d1dc0 (13 bytes)
1716645753.441659 sending message 112 to peer 0x557c0e0d1dc0 (13 bytes)
1716645753.441662 sending message 112 to peer 0x557c0e0d1dc0 (13 bytes)
1716645753.441664 sending message 112 to peer 0x557c0e0d1dc0 (13 bytes)
1716645753.441667 sending message 112 to peer 0x557c0e0d1dc0 (13 bytes)
1716645753.441669 sending message 112 to peer 0x557c0e0d1dc0 (13 bytes)
1716645753.441672 sending message 112 to peer 0x557c0e0d1dc0 (12 bytes)
1716645753.441674 sending message 112 to peer 0x557c0e0d1dc0 (10 bytes)
1716645753.441677 sending message 112 to peer 0x557c0e0d1dc0 (12 bytes)
1716645753.441679 sending message 112 to peer 0x557c0e0d1dc0 (12 bytes)
1716645753.441682 sending message 112 to peer 0x557c0e0d1dc0 (12 bytes)
1716645753.441684 sending message 112 to peer 0x557c0e0d1dc0 (13 bytes)
1716645753.441687 sending message 112 to peer 0x557c0e0d1dc0 (13 bytes)
1716645753.441690 sending message 112 to peer 0x557c0e0d1dc0 (13 bytes)
1716645753.441692 sending message 112 to peer 0x557c0e0d1dc0 (13 bytes)
1716645753.441694 sending message 112 to peer 0x557c0e0d1dc0 (13 bytes)
1716645753.441697 sending message 112 to peer 0x557c0e0d1dc0 (13 bytes)
1716645753.441699 sending message 112 to peer 0x557c0e0d1dc0 (13 bytes)
1716645753.441702 sending message 112 to peer 0x557c0e0d1dc0 (10 bytes)
1716645753.441704 sending message 112 to peer 0x557c0e0d1dc0 (13 bytes)
1716645753.441707 sending message 112 to peer 0x557c0e0d1dc0 (12 bytes)
1716645753.441709 sending message 112 to peer 0x557c0e0d1dc0 (12 bytes)
1716645753.441712 sending message 112 to peer 0x557c0e0d1dc0 (12 bytes)
1716645753.441714 sending message 112 to peer 0x557c0e0d1dc0 (10 bytes)
1716645753.441717 sending message 112 to peer 0x557c0e0d1dc0 (10 bytes)
1716645753.441719 sending message 112 to peer 0x557c0e0d1dc0 (10 bytes)
1716645753.441722 sending message 112 to peer 0x557c0e0d1dc0 (12 bytes)
1716645753.441724 sending message 112 to peer 0x557c0e0d1dc0 (13 bytes)
1716645753.441727 sending message 112 to peer 0x557c0e0d1dc0 (13 bytes)
1716645753.441729 sending message 112 to peer 0x557c0e0d1dc0 (13 bytes)
1716645753.441732 sending message 112 to peer 0x557c0e0d1dc0 (13 bytes)
1716645753.441734 sending message 112 to peer 0x557c0e0d1dc0 (13 bytes)
1716645753.441737 sending message 112 to peer 0x557c0e0d1dc0 (10 bytes)
1716645753.441739 sending message 112 to peer 0x557c0e0d1dc0 (11 bytes)
1716645753.441742 sending message 112 to peer 0x557c0e0d1dc0 (12 bytes)
1716645753.441745 sending message 112 to peer 0x557c0e0d1dc0 (12 bytes)
1716645753.441747 sending message 112 to peer 0x557c0e0d1dc0 (12 bytes)
1716645753.441750 sending message 112 to peer 0x557c0e0d1dc0 (12 bytes)
1716645753.441752 sending message 112 to peer 0x557c0e0d1dc0 (12 bytes)
1716645753.441755 sending message 112 to peer 0x557c0e0d1dc0 (11 bytes)
1716645753.441757 sending message 112 to peer 0x557c0e0d1dc0 (12 bytes)
1716645753.441760 sending message 112 to peer 0x557c0e0d1dc0 (12 bytes)
1716645753.441762 sending message 112 to peer 0x557c0e0d1dc0 (13 bytes)
1716645753.441765 sending message 112 to peer 0x557c0e0d1dc0 (13 bytes)
1716645753.441767 sending message 112 to peer 0x557c0e0d1dc0 (13 bytes)
1716645753.441770 sending message 112 to peer 0x557c0e0d1dc0 (13 bytes)
1716645753.441773 sending message 112 to peer 0x557c0e0d1dc0 (13 bytes)
1716645753.441775 sending message 112 to peer 0x557c0e0d1dc0 (10 bytes)
1716645753.441777 sending message 112 to peer 0x557c0e0d1dc0 (9 bytes)
1716645753.441780 sending message 112 to peer 0x557c0e0d1dc0 (12 bytes)
1716645753.441783 sending message 112 to peer 0x557c0e0d1dc0 (13 bytes)
1716645753.441785 sending message 112 to peer 0x557c0e0d1dc0 (13 bytes)
1716645753.441794 sending message 112 to peer 0x557c0e0d1dc0 (13 bytes)
1716645753.441800 sending message 112 to peer 0x557c0e0d1dc0 (13 bytes)
1716645753.441803 sending message 112 to peer 0x557c0e0d1dc0 (13 bytes)
1716645753.441806 sending message 112 to peer 0x557c0e0d1dc0 (9 bytes)
1716645753.441808 sending message 112 to peer 0x557c0e0d1dc0 (12 bytes)
1716645753.441811 sending message 112 to peer 0x557c0e0d1dc0 (13 bytes)
1716645753.441813 sending message 112 to peer 0x557c0e0d1dc0 (13 bytes)
1716645753.441816 sending message 112 to peer 0x557c0e0d1dc0 (13 bytes)
1716645753.441818 sending message 112 to peer 0x557c0e0d1dc0 (13 bytes)
1716645753.441821 sending message 112 to peer 0x557c0e0d1dc0 (13 bytes)
1716645753.441823 sending message 112 to peer 0x557c0e0d1dc0 (11 bytes)
1716645753.441826 sending message 112 to peer 0x557c0e0d1dc0 (12 bytes)
1716645753.441828 sending message 112 to peer 0x557c0e0d1dc0 (13 bytes)
1716645753.441831 sending message 112 to peer 0x557c0e0d1dc0 (13 bytes)
1716645753.441834 sending message 112 to peer 0x557c0e0d1dc0 (13 bytes)
1716645753.441836 sending message 112 to peer 0x557c0e0d1dc0 (13 bytes)
1716645753.441839 sending message 112 to peer 0x557c0e0d1dc0 (13 bytes)
1716645753.441841 sending message 112 to peer 0x557c0e0d1dc0 (11 bytes)
1716645753.441844 sending message 112 to peer 0x557c0e0d1dc0 (12 bytes)
1716645753.441846 sending message 112 to peer 0x557c0e0d1dc0 (12 bytes)
1716645753.441849 sending message 112 to peer 0x557c0e0d1dc0 (12 bytes)
1716645753.441851 sending message 112 to peer 0x557c0e0d1dc0 (12 bytes)
1716645753.441854 sending message 112 to peer 0x557c0e0d1dc0 (12 bytes)
1716645753.441856 sending message 112 to peer 0x557c0e0d1dc0 (21 bytes)
1716645753.441859 sending message 112 to peer 0x557c0e0d1dc0 (12 bytes)
1716645753.441861 sending message 112 to peer 0x557c0e0d1dc0 (9 bytes)
1716645753.441864 sending message 112 to peer 0x557c0e0d1dc0 (6 bytes)
1716645753.441866 sending message 112 to peer 0x557c0e0d1dc0 (13 bytes)
1716645753.441869 sending message 112 to peer 0x557c0e0d1dc0 (10 bytes)
1716645753.441871 sending message 112 to peer 0x557c0e0d1dc0 (24 bytes)
1716645753.441874 sending message 112 to peer 0x557c0e0d1dc0 (13 bytes)
1716645753.441908 sending message 112 to peer 0x557c0e0d1dc0 (9 bytes)
1716645753.441913 sending message 112 to peer 0x557c0e0d1dc0 (16 bytes)
1716645753.441916 sending message 112 to peer 0x557c0e0d1dc0 (16 bytes)
1716645753.441918 sending message 112 to peer 0x557c0e0d1dc0 (12 bytes)
1716645753.441921 sending message 112 to peer 0x557c0e0d1dc0 (10 bytes)
1716645753.441923 sending message 112 to peer 0x557c0e0d1dc0 (10 bytes)
1716645753.441926 sending message 112 to peer 0x557c0e0d1dc0 (24 bytes)
1716645753.441928 sending message 112 to peer 0x557c0e0d1dc0 (13 bytes)
1716645753.441931 sending message 112 to peer 0x557c0e0d1dc0 (10 bytes)
1716645753.441933 sending message 112 to peer 0x557c0e0d1dc0 (10 bytes)
1716645753.441936 sending message 112 to peer 0x557c0e0d1dc0 (10 bytes)
1716645753.441938 sending message 112 to peer 0x557c0e0d1dc0 (13 bytes)
1716645753.441941 sending message 112 to peer 0x557c0e0d1dc0 (15 bytes)
1716645753.441943 sending message 112 to peer 0x557c0e0d1dc0 (5 bytes)
1716645753.441947 sending message 104 to peer 0x557c0e0d1dc0 (0 bytes)
1716645753.441950 sending message 110 to peer 0x557c0e0d1dc0 (0 bytes)
1716645753.441953 sending message 107 to peer 0x557c0e0d1dc0 (4 bytes)
1716645753.441956 sending message 105 to peer 0x557c0e0d1dc0 (16 bytes)
1716645753.441959 sending message 105 to peer 0x557c0e0d1dc0 (27 bytes)
1716645753.441961 sending message 105 to peer 0x557c0e0d1dc0 (14 bytes)
1716645753.441964 sending message 105 to peer 0x557c0e0d1dc0 (21 bytes)
1716645753.441967 sending message 105 to peer 0x557c0e0d1dc0 (15 bytes)
1716645753.441969 sending message 105 to peer 0x557c0e0d1dc0 (17 bytes)
1716645753.441972 sending message 105 to peer 0x557c0e0d1dc0 (13 bytes)
1716645753.441974 sending message 105 to peer 0x557c0e0d1dc0 (1519 bytes)
1716645753.441979 sending message 105 to peer 0x557c0e0d1dc0 (43 bytes)
1716645753.441982 sending message 105 to peer 0x557c0e0d1dc0 (34 bytes)
1716645753.441988 sending message 105 to peer 0x557c0e0d1dc0 (23 bytes)
1716645753.441991 sending message 105 to peer 0x557c0e0d1dc0 (11 bytes)
1716645753.441994 sending message 105 to peer 0x557c0e0d1dc0 (32 bytes)
1716645753.441996 sending message 105 to peer 0x557c0e0d1dc0 (11 bytes)
1716645753.441999 sending message 105 to peer 0x557c0e0d1dc0 (8 bytes)
1716645753.442001 sending message 105 to peer 0x557c0e0d1dc0 (17 bytes)
1716645753.442004 sending message 105 to peer 0x557c0e0d1dc0 (31 bytes)
1716645753.442006 sending message 105 to peer 0x557c0e0d1dc0 (29 bytes)
1716645753.442009 sending message 105 to peer 0x557c0e0d1dc0 (65 bytes)
1716645753.442012 sending message 105 to peer 0x557c0e0d1dc0 (104 bytes)
1716645753.442015 sending message 105 to peer 0x557c0e0d1dc0 (54 bytes)
1716645753.442017 sending message 105 to peer 0x557c0e0d1dc0 (19 bytes)
1716645753.442020 sending message 105 to peer 0x557c0e0d1dc0 (16 bytes)
1716645753.442022 sending message 105 to peer 0x557c0e0d1dc0 (23 bytes)
1716645753.442025 sending message 106 to peer 0x557c0e0d1dc0 (0 bytes)
1716645753.442032 sending message 200 to peer 0x557c0e0d1dc0 (4 bytes)
1716645753.442035 client loop enter
1716645753.442077 client_signal: Child exited
1716645753.494349 peer 0x557c0e0d1dc0 message 207
1716645753.494370 sending message 208 to peer 0x557c0e0d1dc0 (0 bytes)
